<?xml version="1.0" encoding="UTF-8"?>
<testsuite xmlns:xsi="http://www.w3.org/2001/XMLSchema-instance" xsi:noNamespaceSchemaLocation="https://maven.apache.org/surefire/maven-surefire-plugin/xsd/surefire-test-report.xsd" name="chesterlab.AppTest" time="0.021" tests="1" errors="0" skipped="0" failures="0">
  <properties>
    <property name="gopherProxySet" value="false"/>
    <property name="awt.toolkit" value="sun.lwawt.macosx.LWCToolkit"/>
    <property name="file.encoding.pkg" value="sun.io"/>
    <property name="java.specification.version" value="1.8"/>
    <property name="sun.cpu.isalist" value=""/>
    <property name="sun.jnu.encoding" value="UTF-8"/>
    <property name="java.class.path" value="/Users/austinmichne/Documents/ChesterLab/Icarus/target/test-classes:/Users/austinmichne/Documents/ChesterLab/Icarus/target/classes:/Users/austinmichne/.m2/repository/junit/junit/4.11/junit-4.11.jar:/Users/austinmichne/.m2/repository/org/hamcrest/hamcrest-core/1.3/hamcrest-core-1.3.jar:/Users/austinmichne/.m2/repository/com/fasterxml/jackson/core/jackson-databind/2.2.3/jackson-databind-2.2.3.jar:/Users/austinmichne/.m2/repository/com/fasterxml/jackson/core/jackson-annotations/2.2.3/jackson-annotations-2.2.3.jar:/Users/austinmichne/.m2/repository/com/fasterxml/jackson/core/jackson-core/2.2.3/jackson-core-2.2.3.jar:/Users/austinmichne/.m2/repository/org/matsim/matsim/0.10.0/matsim-0.10.0.jar:/Users/austinmichne/.m2/repository/log4j/log4j/1.2.15/log4j-1.2.15.jar:/Users/austinmichne/.m2/repository/org/geotools/gt-main/14.0/gt-main-14.0.jar:/Users/austinmichne/.m2/repository/org/geotools/gt-api/14.0/gt-api-14.0.jar:/Users/austinmichne/.m2/repository/com/vividsolutions/jts/1.13/jts-1.13.jar:/Users/austinmichne/.m2/repository/org/jdom/jdom/1.1.3/jdom-1.1.3.jar:/Users/austinmichne/.m2/repository/javax/media/jai_core/1.1.3/jai_core-1.1.3.jar:/Users/austinmichne/.m2/repository/org/geotools/gt-referencing/14.0/gt-referencing-14.0.jar:/Users/austinmichne/.m2/repository/com/googlecode/efficient-java-matrix-library/core/0.26/core-0.26.jar:/Users/austinmichne/.m2/repository/commons-pool/commons-pool/1.5.4/commons-pool-1.5.4.jar:/Users/austinmichne/.m2/repository/org/geotools/gt-metadata/14.0/gt-metadata-14.0.jar:/Users/austinmichne/.m2/repository/org/geotools/gt-opengis/14.0/gt-opengis-14.0.jar:/Users/austinmichne/.m2/repository/net/java/dev/jsr-275/jsr-275/1.0-beta-2/jsr-275-1.0-beta-2.jar:/Users/austinmichne/.m2/repository/jgridshift/jgridshift/1.0/jgridshift-1.0.jar:/Users/austinmichne/.m2/repository/net/sf/geographiclib/GeographicLib-Java/1.44/GeographicLib-Java-1.44.jar:/Users/austinmichne/.m2/repository/org/geotools/gt-shapefile/14.0/gt-shapefile-14.0.jar:/Users/austinmichne/.m2/repository/org/geotools/gt-data/14.0/gt-data-14.0.jar:/Users/austinmichne/.m2/repository/org/geotools/gt-epsg-hsql/14.0/gt-epsg-hsql-14.0.jar:/Users/austinmichne/.m2/repository/org/hsqldb/hsqldb/2.3.0/hsqldb-2.3.0.jar:/Users/austinmichne/.m2/repository/org/jfree/jfreechart/1.0.19/jfreechart-1.0.19.jar:/Users/austinmichne/.m2/repository/org/jfree/jcommon/1.0.23/jcommon-1.0.23.jar:/Users/austinmichne/.m2/repository/com/google/inject/guice/4.1.0/guice-4.1.0.jar:/Users/austinmichne/.m2/repository/javax/inject/javax.inject/1/javax.inject-1.jar:/Users/austinmichne/.m2/repository/aopalliance/aopalliance/1.0/aopalliance-1.0.jar:/Users/austinmichne/.m2/repository/com/google/guava/guava/19.0/guava-19.0.jar:/Users/austinmichne/.m2/repository/com/google/inject/extensions/guice-multibindings/4.1.0/guice-multibindings-4.1.0.jar:/Users/austinmichne/.m2/repository/net/sf/trove4j/trove4j/3.0.3/trove4j-3.0.3.jar:/Users/austinmichne/.m2/repository/org/jvnet/ogc/kml-v_2_2_0/2.2.0/kml-v_2_2_0-2.2.0.jar:/Users/austinmichne/.m2/repository/org/hisrc/w3c/atom-v_1_0/1.1.0/atom-v_1_0-1.1.0.jar:/Users/austinmichne/.m2/repository/org/jvnet/jaxb2_commons/jaxb2-basics-runtime/0.9.4/jaxb2-basics-runtime-0.9.4.jar:"/>
    <property name="java.vm.vendor" value="Oracle Corporation"/>
    <property name="sun.arch.data.model" value="64"/>
    <property name="java.vendor.url" value="http://java.oracle.com/"/>
    <property name="user.timezone" value=""/>
    <property name="java.vm.specification.version" value="1.8"/>
    <property name="os.name" value="Mac OS X"/>
    <property name="user.country" value="US"/>
    <property name="sun.java.launcher" value="SUN_STANDARD"/>
    <property name="sun.boot.library.path" value="/Library/Java/JavaVirtualMachines/jdk1.8.0_131.jdk/Contents/Home/jre/lib"/>
    <property name="sun.java.command" value="/Users/austinmichne/Documents/ChesterLab/Icarus/target/surefire/surefirebooter2076589343779319172.jar /Users/austinmichne/Documents/ChesterLab/Icarus/target/surefire 2018-06-11T17-16-10_874-jvmRun1 surefire741739675324301184tmp surefire_0245366632150501421tmp"/>
    <property name="http.nonProxyHosts" value="local|*.local|169.254/16|*.169.254/16"/>
    <property name="surefire.test.class.path" value="/Users/austinmichne/Documents/ChesterLab/Icarus/target/test-classes:/Users/austinmichne/Documents/ChesterLab/Icarus/target/classes:/Users/austinmichne/.m2/repository/junit/junit/4.11/junit-4.11.jar:/Users/austinmichne/.m2/repository/org/hamcrest/hamcrest-core/1.3/hamcrest-core-1.3.jar:/Users/austinmichne/.m2/repository/com/fasterxml/jackson/core/jackson-databind/2.2.3/jackson-databind-2.2.3.jar:/Users/austinmichne/.m2/repository/com/fasterxml/jackson/core/jackson-annotations/2.2.3/jackson-annotations-2.2.3.jar:/Users/austinmichne/.m2/repository/com/fasterxml/jackson/core/jackson-core/2.2.3/jackson-core-2.2.3.jar:/Users/austinmichne/.m2/repository/org/matsim/matsim/0.10.0/matsim-0.10.0.jar:/Users/austinmichne/.m2/repository/log4j/log4j/1.2.15/log4j-1.2.15.jar:/Users/austinmichne/.m2/repository/org/geotools/gt-main/14.0/gt-main-14.0.jar:/Users/austinmichne/.m2/repository/org/geotools/gt-api/14.0/gt-api-14.0.jar:/Users/austinmichne/.m2/repository/com/vividsolutions/jts/1.13/jts-1.13.jar:/Users/austinmichne/.m2/repository/org/jdom/jdom/1.1.3/jdom-1.1.3.jar:/Users/austinmichne/.m2/repository/javax/media/jai_core/1.1.3/jai_core-1.1.3.jar:/Users/austinmichne/.m2/repository/org/geotools/gt-referencing/14.0/gt-referencing-14.0.jar:/Users/austinmichne/.m2/repository/com/googlecode/efficient-java-matrix-library/core/0.26/core-0.26.jar:/Users/austinmichne/.m2/repository/commons-pool/commons-pool/1.5.4/commons-pool-1.5.4.jar:/Users/austinmichne/.m2/repository/org/geotools/gt-metadata/14.0/gt-metadata-14.0.jar:/Users/austinmichne/.m2/repository/org/geotools/gt-opengis/14.0/gt-opengis-14.0.jar:/Users/austinmichne/.m2/repository/net/java/dev/jsr-275/jsr-275/1.0-beta-2/jsr-275-1.0-beta-2.jar:/Users/austinmichne/.m2/repository/jgridshift/jgridshift/1.0/jgridshift-1.0.jar:/Users/austinmichne/.m2/repository/net/sf/geographiclib/GeographicLib-Java/1.44/GeographicLib-Java-1.44.jar:/Users/austinmichne/.m2/repository/org/geotools/gt-shapefile/14.0/gt-shapefile-14.0.jar:/Users/austinmichne/.m2/repository/org/geotools/gt-data/14.0/gt-data-14.0.jar:/Users/austinmichne/.m2/repository/org/geotools/gt-epsg-hsql/14.0/gt-epsg-hsql-14.0.jar:/Users/austinmichne/.m2/repository/org/hsqldb/hsqldb/2.3.0/hsqldb-2.3.0.jar:/Users/austinmichne/.m2/repository/org/jfree/jfreechart/1.0.19/jfreechart-1.0.19.jar:/Users/austinmichne/.m2/repository/org/jfree/jcommon/1.0.23/jcommon-1.0.23.jar:/Users/austinmichne/.m2/repository/com/google/inject/guice/4.1.0/guice-4.1.0.jar:/Users/austinmichne/.m2/repository/javax/inject/javax.inject/1/javax.inject-1.jar:/Users/austinmichne/.m2/repository/aopalliance/aopalliance/1.0/aopalliance-1.0.jar:/Users/austinmichne/.m2/repository/com/google/guava/guava/19.0/guava-19.0.jar:/Users/austinmichne/.m2/repository/com/google/inject/extensions/guice-multibindings/4.1.0/guice-multibindings-4.1.0.jar:/Users/austinmichne/.m2/repository/net/sf/trove4j/trove4j/3.0.3/trove4j-3.0.3.jar:/Users/austinmichne/.m2/repository/org/jvnet/ogc/kml-v_2_2_0/2.2.0/kml-v_2_2_0-2.2.0.jar:/Users/austinmichne/.m2/repository/org/hisrc/w3c/atom-v_1_0/1.1.0/atom-v_1_0-1.1.0.jar:/Users/austinmichne/.m2/repository/org/jvnet/jaxb2_commons/jaxb2-basics-runtime/0.9.4/jaxb2-basics-runtime-0.9.4.jar:"/>
    <property name="sun.cpu.endian" value="little"/>
    <property name="user.home" value="/Users/austinmichne"/>
    <property name="user.language" value="en"/>
    <property name="java.specification.vendor" value="Oracle Corporation"/>
    <property name="java.home" value="/Library/Java/JavaVirtualMachines/jdk1.8.0_131.jdk/Contents/Home/jre"/>
    <property name="basedir" value="/Users/austinmichne/Documents/ChesterLab/Icarus"/>
    <property name="file.separator" value="/"/>
    <property name="line.separator" value="&#10;"/>
    <property name="java.vm.specification.vendor" value="Oracle Corporation"/>
    <property name="java.specification.name" value="Java Platform API Specification"/>
    <property name="java.awt.graphicsenv" value="sun.awt.CGraphicsEnvironment"/>
    <property name="surefire.real.class.path" value="/Users/austinmichne/Documents/ChesterLab/Icarus/target/surefire/surefirebooter2076589343779319172.jar"/>
    <property name="sun.boot.class.path" value="/Library/Java/JavaVirtualMachines/jdk1.8.0_131.jdk/Contents/Home/jre/lib/resources.jar:/Library/Java/JavaVirtualMachines/jdk1.8.0_131.jdk/Contents/Home/jre/lib/rt.jar:/Library/Java/JavaVirtualMachines/jdk1.8.0_131.jdk/Contents/Home/jre/lib/sunrsasign.jar:/Library/Java/JavaVirtualMachines/jdk1.8.0_131.jdk/Contents/Home/jre/lib/jsse.jar:/Library/Java/JavaVirtualMachines/jdk1.8.0_131.jdk/Contents/Home/jre/lib/jce.jar:/Library/Java/JavaVirtualMachines/jdk1.8.0_131.jdk/Contents/Home/jre/lib/charsets.jar:/Library/Java/JavaVirtualMachines/jdk1.8.0_131.jdk/Contents/Home/jre/lib/jfr.jar:/Library/Java/JavaVirtualMachines/jdk1.8.0_131.jdk/Contents/Home/jre/classes"/>
    <property name="sun.management.compiler" value="HotSpot 64-Bit Tiered Compilers"/>
    <property name="ftp.nonProxyHosts" value="local|*.local|169.254/16|*.169.254/16"/>
    <property name="java.runtime.version" value="1.8.0_131-b11"/>
    <property name="user.name" value="austinmichne"/>
    <property name="path.separator" value=":"/>
    <property name="os.version" value="10.13.4"/>
    <property name="java.endorsed.dirs" value="/Library/Java/JavaVirtualMachines/jdk1.8.0_131.jdk/Contents/Home/jre/lib/endorsed"/>
    <property name="java.runtime.name" value="Java(TM) SE Runtime Environment"/>
    <property name="file.encoding" value="UTF-8"/>
    <property name="java.vm.name" value="Java HotSpot(TM) 64-Bit Server VM"/>
    <property name="localRepository" value="/Users/austinmichne/.m2/repository"/>
    <property name="java.vendor.url.bug" value="http://bugreport.sun.com/bugreport/"/>
    <property name="java.io.tmpdir" value="/var/folders/mx/6w05_r612px9zwbrj1h90r6w0000gn/T/"/>
    <property name="java.version" value="1.8.0_131"/>
    <property name="user.dir" value="/Users/austinmichne/Documents/ChesterLab/Icarus"/>
    <property name="os.arch" value="x86_64"/>
    <property name="java.vm.specification.name" value="Java Virtual Machine Specification"/>
    <property name="java.awt.printerjob" value="sun.lwawt.macosx.CPrinterJob"/>
    <property name="sun.os.patch.level" value="unknown"/>
    <property name="java.library.path" value="/Users/austinmichne/Library/Java/Extensions:/Library/Java/Extensions:/Network/Library/Java/Extensions:/System/Library/Java/Extensions:/usr/lib/java:."/>
    <property name="java.vm.info" value="mixed mode"/>
    <property name="java.vendor" value="Oracle Corporation"/>
    <property name="java.vm.version" value="25.131-b11"/>
    <property name="java.ext.dirs" value="/Users/austinmichne/Library/Java/Extensions:/Library/Java/JavaVirtualMachines/jdk1.8.0_131.jdk/Contents/Home/jre/lib/ext:/Library/Java/Extensions:/Network/Library/Java/Extensions:/System/Library/Java/Extensions:/usr/lib/java"/>
    <property name="sun.io.unicode.encoding" value="UnicodeBig"/>
    <property name="java.class.version" value="52.0"/>
    <property name="socksNonProxyHosts" value="local|*.local|169.254/16|*.169.254/16"/>
  </properties>
  <testcase name="shouldAnswerWithTrue" classname="chesterlab.AppTest" time="0.002"/>
</testsuite>